<?xml version="1.0" encoding="UTF-8"?>
<!-- Generated by org.testng.reporters.JUnitXMLReporter -->
<testsuite ignored="0" hostname="DESKTOP-3PG6OS0" failures="1" tests="1" name="Surefire test" time="509.617" errors="0" timestamp="2024-10-18T12:59:22 IST">
  <testcase classname="org.pavi.coder.mytestapp.AppiumTest" name="testAppium" time="246.422">
    <failure type="org.openqa.selenium.WebDriverException" message="Could not proxy command to the remote server. Original error: timeout of 240000ms exceeded
Build info: version: &amp;apos;4.25.0&amp;apos;, revision: &amp;apos;8a8aea2337&amp;apos;
System info: os.name: &amp;apos;Windows 11&amp;apos;, os.arch: &amp;apos;amd64&amp;apos;, os.version: &amp;apos;10.0&amp;apos;, java.version: &amp;apos;17.0.10&amp;apos;
Driver info: io.appium.java_client.android.AndroidDriver
Command: [0ea73d92-1ee1-4084-b62e-a7cef5588387, findElement {value=//a[@class=&amp;apos;wp-block-button__link wp-element-button&amp;apos;][contains(text(),&amp;apos;Accordions&amp;apos;)], using=xpath}]
Capabilities {appium:AndroidMobileCapabilityType.APP_ACTIVITY: com.google.android.apps.chr..., appium:autoDownload: true, appium:automationName: UiAutomator2, appium:databaseEnabled: false, appium:desired: {AndroidMobileCapabilityType.APP_ACTIVITY: com.google.android.apps.chr..., appActivity: com.google.android.apps.chr..., appPackage: com.android.chrome, autoDownload: true, automationName: UiAutomator2, browserName: Chrome, browserVersion: 12, deviceName: homephone, platformName: ANDROID, platformVersion: 6}, appium:deviceApiLevel: 23, appium:deviceManufacturer: OPPO, appium:deviceModel: CPH1701, appium:deviceName: 5587cee2, appium:deviceScreenDensity: 320, appium:deviceScreenSize: 720x1280, appium:deviceUDID: 5587cee2, appium:javascriptEnabled: true, appium:locationContextEnabled: false, appium:networkConnectionEnabled: true, appium:pixelRatio: 2, appium:platformVersion: 6.0.1, appium:statBarHeight: 36, appium:takesScreenshot: true, appium:viewportRect: {height: 1244, left: 0, top: 36, width: 720}, appium:warnings: {}, appium:webStorageEnabled: false, browserName: Chrome, browserVersion: 12, platformName: ANDROID}
Session ID: 0ea73d92-1ee1-4084-b62e-a7cef5588387">
      <![CDATA[org.openqa.selenium.WebDriverException: Could not proxy command to the remote server. Original error: timeout of 240000ms exceeded
Build info: version: '4.25.0', revision: '8a8aea2337'
System info: os.name: 'Windows 11', os.arch: 'amd64', os.version: '10.0', java.version: '17.0.10'
Driver info: io.appium.java_client.android.AndroidDriver
Command: [0ea73d92-1ee1-4084-b62e-a7cef5588387, findElement {value=//a[@class='wp-block-button__link wp-element-button'][contains(text(),'Accordions')], using=xpath}]
Capabilities {appium:AndroidMobileCapabilityType.APP_ACTIVITY: com.google.android.apps.chr..., appium:autoDownload: true, appium:automationName: UiAutomator2, appium:databaseEnabled: false, appium:desired: {AndroidMobileCapabilityType.APP_ACTIVITY: com.google.android.apps.chr..., appActivity: com.google.android.apps.chr..., appPackage: com.android.chrome, autoDownload: true, automationName: UiAutomator2, browserName: Chrome, browserVersion: 12, deviceName: homephone, platformName: ANDROID, platformVersion: 6}, appium:deviceApiLevel: 23, appium:deviceManufacturer: OPPO, appium:deviceModel: CPH1701, appium:deviceName: 5587cee2, appium:deviceScreenDensity: 320, appium:deviceScreenSize: 720x1280, appium:deviceUDID: 5587cee2, appium:javascriptEnabled: true, appium:locationContextEnabled: false, appium:networkConnectionEnabled: true, appium:pixelRatio: 2, appium:platformVersion: 6.0.1, appium:statBarHeight: 36, appium:takesScreenshot: true, appium:viewportRect: {height: 1244, left: 0, top: 36, width: 720}, appium:warnings: {}, appium:webStorageEnabled: false, browserName: Chrome, browserVersion: 12, platformName: ANDROID}
Session ID: 0ea73d92-1ee1-4084-b62e-a7cef5588387
at org.openqa.selenium.remote.ErrorCodec.decode(ErrorCodec.java:167)
at org.openqa.selenium.remote.codec.w3c.W3CHttpResponseCodec.decode(W3CHttpResponseCodec.java:138)
at org.openqa.selenium.remote.codec.w3c.W3CHttpResponseCodec.decode(W3CHttpResponseCodec.java:50)
at org.openqa.selenium.remote.HttpCommandExecutor.execute(HttpCommandExecutor.java:190)
at io.appium.java_client.remote.AppiumCommandExecutor.execute(AppiumCommandExecutor.java:237)
at org.openqa.selenium.remote.RemoteWebDriver.execute(RemoteWebDriver.java:545)
at org.openqa.selenium.remote.ElementLocation$ElementFinder$2.findElement(ElementLocation.java:165)
at org.openqa.selenium.remote.ElementLocation.findElement(ElementLocation.java:59)
at org.openqa.selenium.remote.RemoteWebDriver.findElement(RemoteWebDriver.java:368)
at org.openqa.selenium.remote.RemoteWebDriver.findElement(RemoteWebDriver.java:362)
at org.pavi.coder.mytestapp.AppiumTest.testAppium(AppiumTest.java:40)
at java.base/java.util.ArrayList.forEach(ArrayList.java:1511)
... Removed 36 stack frames]]>
    </failure>
  </testcase> <!-- testAppium -->
</testsuite> <!-- Surefire test -->
