<?xml version="1.0" encoding="UTF-8"?>
<testsuite xmlns:xsi="http://www.w3.org/2001/XMLSchema-instance" xsi:noNamespaceSchemaLocation="https://maven.apache.org/surefire/maven-surefire-plugin/xsd/surefire-test-report.xsd" version="3.0.1" name="TestSuite" time="510.116" tests="1" errors="0" skipped="0" failures="1">
  <properties>
[...]
</properties>
  <testcase name="testAppium" classname="org.pavi.coder.mytestapp.AppiumTest" time="246.447">
    <failure message="Could not proxy command to the remote server. Original error: timeout of 240000ms exceeded&#10;Build info: version: &apos;4.25.0&apos;, revision: &apos;8a8aea2337&apos;&#10;System info: os.name: &apos;Windows 11&apos;, os.arch: &apos;amd64&apos;, os.version: &apos;10.0&apos;, java.version: &apos;17.0.10&apos;&#10;Driver info: io.appium.java_client.android.AndroidDriver&#10;Command: [0ea73d92-1ee1-4084-b62e-a7cef5588387, findElement {value=//a[@class=&apos;wp-block-button__link wp-element-button&apos;][contains(text(),&apos;Accordions&apos;)], using=xpath}]&#10;Capabilities {appium:AndroidMobileCapabilityType.APP_ACTIVITY: com.google.android.apps.chr..., appium:autoDownload: true, appium:automationName: UiAutomator2, appium:databaseEnabled: false, appium:desired: {AndroidMobileCapabilityType.APP_ACTIVITY: com.google.android.apps.chr..., appActivity: com.google.android.apps.chr..., appPackage: com.android.chrome, autoDownload: true, automationName: UiAutomator2, browserName: Chrome, browserVersion: 12, deviceName: homephone, platformName: ANDROID, platformVersion: 6}, appium:deviceApiLevel: 23, appium:deviceManufacturer: OPPO, appium:deviceModel: CPH1701, appium:deviceName: 5587cee2, appium:deviceScreenDensity: 320, appium:deviceScreenSize: 720x1280, appium:deviceUDID: 5587cee2, appium:javascriptEnabled: true, appium:locationContextEnabled: false, appium:networkConnectionEnabled: true, appium:pixelRatio: 2, appium:platformVersion: 6.0.1, appium:statBarHeight: 36, appium:takesScreenshot: true, appium:viewportRect: {height: 1244, left: 0, top: 36, width: 720}, appium:warnings: {}, appium:webStorageEnabled: false, browserName: Chrome, browserVersion: 12, platformName: ANDROID}&#10;Session ID: 0ea73d92-1ee1-4084-b62e-a7cef5588387" type="org.openqa.selenium.WebDriverException"><![CDATA[org.openqa.selenium.WebDriverException: 
Could not proxy command to the remote server. Original error: timeout of 240000ms exceeded
Build info: version: '4.25.0', revision: '8a8aea2337'
System info: os.name: 'Windows 11', os.arch: 'amd64', os.version: '10.0', java.version: '17.0.10'
Driver info: io.appium.java_client.android.AndroidDriver
Command: [0ea73d92-1ee1-4084-b62e-a7cef5588387, findElement {value=//a[@class='wp-block-button__link wp-element-button'][contains(text(),'Accordions')], using=xpath}]
Capabilities {appium:AndroidMobileCapabilityType.APP_ACTIVITY: com.google.android.apps.chr..., appium:autoDownload: true, appium:automationName: UiAutomator2, appium:databaseEnabled: false, appium:desired: {AndroidMobileCapabilityType.APP_ACTIVITY: com.google.android.apps.chr..., appActivity: com.google.android.apps.chr..., appPackage: com.android.chrome, autoDownload: true, automationName: UiAutomator2, browserName: Chrome, browserVersion: 12, deviceName: homephone, platformName: ANDROID, platformVersion: 6}, appium:deviceApiLevel: 23, appium:deviceManufacturer: OPPO, appium:deviceModel: CPH1701, appium:deviceName: 5587cee2, appium:deviceScreenDensity: 320, appium:deviceScreenSize: 720x1280, appium:deviceUDID: 5587cee2, appium:javascriptEnabled: true, appium:locationContextEnabled: false, appium:networkConnectionEnabled: true, appium:pixelRatio: 2, appium:platformVersion: 6.0.1, appium:statBarHeight: 36, appium:takesScreenshot: true, appium:viewportRect: {height: 1244, left: 0, top: 36, width: 720}, appium:warnings: {}, appium:webStorageEnabled: false, browserName: Chrome, browserVersion: 12, platformName: ANDROID}
Session ID: 0ea73d92-1ee1-4084-b62e-a7cef5588387
	at java.base/jdk.internal.reflect.NativeConstructorAccessorImpl.newInstance0(Native Method)
	at java.base/jdk.internal.reflect.NativeConstructorAccessorImpl.newInstance(NativeConstructorAccessorImpl.java:77)
	at java.base/jdk.internal.reflect.DelegatingConstructorAccessorImpl.newInstance(DelegatingConstructorAccessorImpl.java:45)
	at java.base/java.lang.reflect.Constructor.newInstanceWithCaller(Constructor.java:499)
	at java.base/java.lang.reflect.Constructor.newInstance(Constructor.java:480)
	at org.openqa.selenium.remote.ErrorCodec.decode(ErrorCodec.java:167)
	at org.openqa.selenium.remote.codec.w3c.W3CHttpResponseCodec.decode(W3CHttpResponseCodec.java:138)
	at org.openqa.selenium.remote.codec.w3c.W3CHttpResponseCodec.decode(W3CHttpResponseCodec.java:50)
	at org.openqa.selenium.remote.HttpCommandExecutor.execute(HttpCommandExecutor.java:190)
	at io.appium.java_client.remote.AppiumCommandExecutor.execute(AppiumCommandExecutor.java:237)
	at org.openqa.selenium.remote.RemoteWebDriver.execute(RemoteWebDriver.java:545)
	at org.openqa.selenium.remote.ElementLocation$ElementFinder$2.findElement(ElementLocation.java:165)
	at org.openqa.selenium.remote.ElementLocation.findElement(ElementLocation.java:59)
	at org.openqa.selenium.remote.RemoteWebDriver.findElement(RemoteWebDriver.java:368)
	at org.openqa.selenium.remote.RemoteWebDriver.findElement(RemoteWebDriver.java:362)
	at org.pavi.coder.mytestapp.AppiumTest.testAppium(AppiumTest.java:40)
	at java.base/jdk.internal.reflect.NativeMethodAccessorImpl.invoke0(Native Method)
	at java.base/jdk.internal.reflect.NativeMethodAccessorImpl.invoke(NativeMethodAccessorImpl.java:77)
	at java.base/jdk.internal.reflect.DelegatingMethodAccessorImpl.invoke(DelegatingMethodAccessorImpl.java:43)
	at java.base/java.lang.reflect.Method.invoke(Method.java:568)
	at org.testng.internal.invokers.MethodInvocationHelper.invokeMethod(MethodInvocationHelper.java:141)
	at org.testng.internal.invokers.TestInvoker.invokeMethod(TestInvoker.java:686)
	at org.testng.internal.invokers.TestInvoker.invokeTestMethod(TestInvoker.java:230)
	at org.testng.internal.invokers.MethodRunner.runInSequence(MethodRunner.java:63)
	at org.testng.internal.invokers.TestInvoker$MethodInvocationAgent.invoke(TestInvoker.java:992)
	at org.testng.internal.invokers.TestInvoker.invokeTestMethods(TestInvoker.java:203)
	at org.testng.internal.invokers.TestMethodWorker.invokeTestMethods(TestMethodWorker.java:154)
	at org.testng.internal.invokers.TestMethodWorker.run(TestMethodWorker.java:134)
	at java.base/java.util.ArrayList.forEach(ArrayList.java:1511)
	at org.testng.TestRunner.privateRun(TestRunner.java:739)
	at org.testng.TestRunner.run(TestRunner.java:614)
	at org.testng.SuiteRunner.runTest(SuiteRunner.java:421)
	at org.testng.SuiteRunner.runSequentially(SuiteRunner.java:413)
	at org.testng.SuiteRunner.privateRun(SuiteRunner.java:373)
	at org.testng.SuiteRunner.run(SuiteRunner.java:312)
	at org.testng.SuiteRunnerWorker.runSuite(SuiteRunnerWorker.java:52)
	at org.testng.SuiteRunnerWorker.run(SuiteRunnerWorker.java:95)
	at org.testng.TestNG.runSuitesSequentially(TestNG.java:1274)
	at org.testng.TestNG.runSuitesLocally(TestNG.java:1208)
	at org.testng.TestNG.runSuites(TestNG.java:1112)
	at org.testng.TestNG.run(TestNG.java:1079)
	at org.apache.maven.surefire.testng.TestNGExecutor.run(TestNGExecutor.java:308)
	at org.apache.maven.surefire.testng.TestNGXmlTestSuite.execute(TestNGXmlTestSuite.java:71)
	at org.apache.maven.surefire.testng.TestNGProvider.invoke(TestNGProvider.java:113)
	at org.apache.maven.surefire.booter.ForkedBooter.runSuitesInProcess(ForkedBooter.java:385)
	at org.apache.maven.surefire.booter.ForkedBooter.execute(ForkedBooter.java:162)
	at org.apache.maven.surefire.booter.ForkedBooter.run(ForkedBooter.java:507)
	at org.apache.maven.surefire.booter.ForkedBooter.main(ForkedBooter.java:495)
]]></failure>
    <system-out><![CDATA[Web application started
]]></system-out>
    <system-err><![CDATA[SLF4J(W): No SLF4J providers were found.
SLF4J(W): Defaulting to no-operation (NOP) logger implementation
SLF4J(W): See https://www.slf4j.org/codes.html#noProviders for further details.
Oct 18, 2024 12:55:21 PM org.openqa.selenium.remote.ErrorCodes toStatus
INFO: HTTP Status: '400' -> incorrect JSON status mapping for 'unknown error' (500 expected)
]]></system-err>
  </testcase>
</testsuite>